# JRE version: OpenJDK Runtime Environment Temurin-21.0.12.1+1 (21.0.12.1+1) (build 21.0.12.1+1-LTS)
# Java VM: OpenJDK 64-Bit Server VM Temurin-21.0.12.1+1 (21.0.12.1+1-LTS, mixed mode, sharing, tiered, compressed oops, compressed class ptrs, parallel gc, windows-amd64)
GC Precious Log:
 CardTable entry size: 512
 CPUs: 4 total, 4 available
 Memory: 8045M
 Large Page Support: Disabled
 NUMA Support: Disabled
 Compressed Oops: Enabled (32-bit)
 Alignments: Space 512K, Generation 512K, Heap 2M
 Heap Min Capacity: 100M
 Heap Initial Capacity: 100M
 Heap Max Capacity: 2G
 Pre-touch: Disabled
 Parallel Workers: 4
Heap:
 PSYoungGen      total 6144K, used 1433K [0x00000000d5580000, 0x00000000d5e80000, 0x0000000100000000)
  eden space 5120K, 8% used [0x00000000d5580000,0x00000000d55ec398,0x00000000d5a80000)
  from space 1024K, 97% used [0x00000000d5c80000,0x00000000d5d7a400,0x00000000d5d80000)
  to   space 1024K, 0% used [0x00000000d5d80000,0x00000000d5d80000,0x00000000d5e80000)
 ParOldGen       total 530432K, used 530034K [0x0000000080000000, 0x00000000a0600000, 0x00000000d5580000)
  object space 530432K, 99% used [0x0000000080000000,0x00000000a059caa0,0x00000000a0600000)
 Metaspace       used 105536K, committed 107520K, reserved 1179648K
  class space    used 10730K, committed 11648K, reserved 1048576K
GC Heap History (20 events):
Event: 30182.182 GC heap before
{Heap before GC invocations=9563 (full 14):
 PSYoungGen      total 7168K, used 6573K [0x00000000d5580000, 0x00000000d5f80000, 0x0000000100000000)
  eden space 4096K, 95% used [0x00000000d5580000,0x00000000d5956ba0,0x00000000d5980000)
  from space 3072K, 86% used [0x00000000d5a00000,0x00000000d5c94990,0x00000000d5d00000)
  to   space 2560K, 0% used [0x00000000d5d00000,0x00000000d5d00000,0x00000000d5f80000)
 ParOldGen       total 519168K, used 519096K [0x0000000080000000, 0x000000009fb00000, 0x00000000d5580000)
  object space 519168K, 99% used [0x0000000080000000,0x000000009faee010,0x000000009fb00000)
 Metaspace       used 105535K, committed 107520K, reserved 1179648K
  class space    used 10730K, committed 11648K, reserved 1048576K
}
Event: 30182.188 GC heap after
{Heap after GC invocations=9563 (full 14):
 PSYoungGen      total 6656K, used 2338K [0x00000000d5580000, 0x00000000d5f80000, 0x0000000100000000)
  eden space 4096K, 0% used [0x00000000d5580000,0x00000000d5580000,0x00000000d5980000)
  from space 2560K, 91% used [0x00000000d5d00000,0x00000000d5f488c0,0x00000000d5f80000)
  to   space 2560K, 0% used [0x00000000d5a80000,0x00000000d5a80000,0x00000000d5d00000)
 ParOldGen       total 521728K, used 521644K [0x0000000080000000, 0x000000009fd80000, 0x00000000d5580000)
  object space 521728K, 99% used [0x0000000080000000,0x000000009fd6b1d8,0x000000009fd80000)
 Metaspace       used 105535K, committed 107520K, reserved 1179648K
  class space    used 10730K, committed 11648K, reserved 1048576K
}
Event: 30182.284 GC heap before
{Heap before GC invocations=9564 (full 14):
 PSYoungGen      total 6656K, used 6434K [0x00000000d5580000, 0x00000000d5f80000, 0x0000000100000000)
  eden space 4096K, 100% used [0x00000000d5580000,0x00000000d5980000,0x00000000d5980000)
  from space 2560K, 91% used [0x00000000d5d00000,0x00000000d5f488c0,0x00000000d5f80000)
  to   space 2560K, 0% used [0x00000000d5a80000,0x00000000d5a80000,0x00000000d5d00000)
 ParOldGen       total 521728K, used 521644K [0x0000000080000000, 0x000000009fd80000, 0x00000000d5580000)
  object space 521728K, 99% used [0x0000000080000000,0x000000009fd6b1d8,0x000000009fd80000)
 Metaspace       used 105535K, committed 107520K, reserved 1179648K
  class space    used 10730K, committed 11648K, reserved 1048576K
}
Event: 30182.289 GC heap after
{Heap after GC invocations=9564 (full 14):
 PSYoungGen      total 6656K, used 2536K [0x00000000d5580000, 0x00000000d6480000, 0x0000000100000000)
  eden space 4096K, 0% used [0x00000000d5580000,0x00000000d5580000,0x00000000d5980000)
  from space 2560K, 99% used [0x00000000d5a80000,0x00000000d5cfa018,0x00000000d5d00000)
  to   space 5632K, 0% used [0x00000000d5f00000,0x00000000d5f00000,0x00000000d6480000)
 ParOldGen       total 524288K, used 523980K [0x0000000080000000, 0x00000000a0000000, 0x00000000d5580000)
  object space 524288K, 99% used [0x0000000080000000,0x000000009ffb31f8,0x00000000a0000000)
 Metaspace       used 105535K, committed 107520K, reserved 1179648K
  class space    used 10730K, committed 11648K, reserved 1048576K
}
Event: 30182.313 GC heap before
{Heap before GC invocations=9565 (full 14):
 PSYoungGen      total 6656K, used 6600K [0x00000000d5580000, 0x00000000d6480000, 0x0000000100000000)
  eden space 4096K, 99% used [0x00000000d5580000,0x00000000d5978140,0x00000000d5980000)
  from space 2560K, 99% used [0x00000000d5a80000,0x00000000d5cfa018,0x00000000d5d00000)
  to   space 5632K, 0% used [0x00000000d5f00000,0x00000000d5f00000,0x00000000d6480000)
 ParOldGen       total 524288K, used 523980K [0x0000000080000000, 0x00000000a0000000, 0x00000000d5580000)
  object space 524288K, 99% used [0x0000000080000000,0x000000009ffb31f8,0x00000000a0000000)
 Metaspace       used 105535K, committed 107520K, reserved 1179648K
  class space    used 10730K, committed 11648K, reserved 1048576K
}
Event: 30182.318 GC heap after
{Heap after GC invocations=9565 (full 14):
 PSYoungGen      total 5120K, used 1008K [0x00000000d5580000, 0x00000000d6000000, 0x0000000100000000)
  eden space 4096K, 0% used [0x00000000d5580000,0x00000000d5580000,0x00000000d5980000)
  from space 1024K, 98% used [0x00000000d5f00000,0x00000000d5ffc010,0x00000000d6000000)
  to   space 2560K, 0% used [0x00000000d5b00000,0x00000000d5b00000,0x00000000d5d80000)
 ParOldGen       total 526848K, used 526501K [0x0000000080000000, 0x00000000a0280000, 0x00000000d5580000)
  object space 526848K, 99% used [0x0000000080000000,0x00000000a0229598,0x00000000a0280000)
 Metaspace       used 105535K, committed 107520K, reserved 1179648K
  class space    used 10730K, committed 11648K, reserved 1048576K
}
Event: 30182.323 GC heap before
{Heap before GC invocations=9566 (full 14):
 PSYoungGen      total 5120K, used 5099K [0x00000000d5580000, 0x00000000d6000000, 0x0000000100000000)
  eden space 4096K, 99% used [0x00000000d5580000,0x00000000d597eea8,0x00000000d5980000)
  from space 1024K, 98% used [0x00000000d5f00000,0x00000000d5ffc010,0x00000000d6000000)
  to   space 2560K, 0% used [0x00000000d5b00000,0x00000000d5b00000,0x00000000d5d80000)
 ParOldGen       total 526848K, used 526501K [0x0000000080000000, 0x00000000a0280000, 0x00000000d5580000)
  object space 526848K, 99% used [0x0000000080000000,0x00000000a0229598,0x00000000a0280000)
 Metaspace       used 105535K, committed 107520K, reserved 1179648K
  class space    used 10730K, committed 11648K, reserved 1048576K
}
Event: 30182.327 GC heap after
{Heap after GC invocations=9566 (full 14):
 PSYoungGen      total 7680K, used 537K [0x00000000d5580000, 0x00000000d5f80000, 0x0000000100000000)
  eden space 5120K, 0% used [0x00000000d5580000,0x00000000d5580000,0x00000000d5a80000)
  from space 2560K, 20% used [0x00000000d5b00000,0x00000000d5b864b0,0x00000000d5d80000)
  to   space 1024K, 0% used [0x00000000d5e80000,0x00000000d5e80000,0x00000000d5f80000)
 ParOldGen       total 527872K, used 527410K [0x0000000080000000, 0x00000000a0380000, 0x00000000d5580000)
  object space 527872K, 99% used [0x0000000080000000,0x00000000a030cae8,0x00000000a0380000)
 Metaspace       used 105535K, committed 107520K, reserved 1179648K
  class space    used 10730K, committed 11648K, reserved 1048576K
}
Event: 30183.170 GC heap before
{Heap before GC invocations=9567 (full 14):
 PSYoungGen      total 7680K, used 5657K [0x00000000d5580000, 0x00000000d5f80000, 0x0000000100000000)
  eden space 5120K, 100% used [0x00000000d5580000,0x00000000d5a80000,0x00000000d5a80000)
  from space 2560K, 20% used [0x00000000d5b00000,0x00000000d5b864b0,0x00000000d5d80000)
  to   space 1024K, 0% used [0x00000000d5e80000,0x00000000d5e80000,0x00000000d5f80000)
 ParOldGen       total 527872K, used 527410K [0x0000000080000000, 0x00000000a0380000, 0x00000000d5580000)
  object space 527872K, 99% used [0x0000000080000000,0x00000000a030cae8,0x00000000a0380000)
 Metaspace       used 105535K, committed 107520K, reserved 1179648K
  class space    used 10730K, committed 11648K, reserved 1048576K
}
Event: 30183.175 GC heap after
{Heap after GC invocations=9567 (full 14):
 PSYoungGen      total 5632K, used 512K [0x00000000d5580000, 0x00000000d5f00000, 0x0000000100000000)
  eden space 5120K, 0% used [0x00000000d5580000,0x00000000d5580000,0x00000000d5a80000)
  from space 512K, 100% used [0x00000000d5e80000,0x00000000d5f00000,0x00000000d5f00000)
  to   space 1024K, 0% used [0x00000000d5d00000,0x00000000d5d00000,0x00000000d5e00000)
 ParOldGen       total 527872K, used 527434K [0x0000000080000000, 0x00000000a0380000, 0x00000000d5580000)
  object space 527872K, 99% used [0x0000000080000000,0x00000000a0312ae8,0x00000000a0380000)
 Metaspace       used 105535K, committed 107520K, reserved 1179648K
  class space    used 10730K, committed 11648K, reserved 1048576K
}
Event: 30183.224 GC heap before
{Heap before GC invocations=9568 (full 14):
 PSYoungGen      total 5632K, used 5632K [0x00000000d5580000, 0x00000000d5f00000, 0x0000000100000000)
  eden space 5120K, 100% used [0x00000000d5580000,0x00000000d5a80000,0x00000000d5a80000)
  from space 512K, 100% used [0x00000000d5e80000,0x00000000d5f00000,0x00000000d5f00000)
  to   space 1024K, 0% used [0x00000000d5d00000,0x00000000d5d00000,0x00000000d5e00000)
 ParOldGen       total 527872K, used 527434K [0x0000000080000000, 0x00000000a0380000, 0x00000000d5580000)
  object space 527872K, 99% used [0x0000000080000000,0x00000000a0312ae8,0x00000000a0380000)
 Metaspace       used 105535K, committed 107520K, reserved 1179648K
  class space    used 10730K, committed 11648K, reserved 1048576K
}
Event: 30183.230 GC heap after
{Heap after GC invocations=9568 (full 14):
 PSYoungGen      total 6144K, used 1001K [0x00000000d5580000, 0x00000000d5f00000, 0x0000000100000000)
  eden space 5120K, 0% used [0x00000000d5580000,0x00000000d5580000,0x00000000d5a80000)
  from space 1024K, 97% used [0x00000000d5d00000,0x00000000d5dfa400,0x00000000d5e00000)
  to   space 1024K, 0% used [0x00000000d5e00000,0x00000000d5e00000,0x00000000d5f00000)
 ParOldGen       total 528384K, used 528063K [0x0000000080000000, 0x00000000a0400000, 0x00000000d5580000)
  object space 528384K, 99% used [0x0000000080000000,0x00000000a03afd98,0x00000000a0400000)
 Metaspace       used 105535K, committed 107520K, reserved 1179648K
  class space    used 10730K, committed 11648K, reserved 1048576K
}
Event: 30186.855 GC heap before
{Heap before GC invocations=9569 (full 14):
 PSYoungGen      total 6144K, used 6121K [0x00000000d5580000, 0x00000000d5f00000, 0x0000000100000000)
  eden space 5120K, 100% used [0x00000000d5580000,0x00000000d5a80000,0x00000000d5a80000)
  from space 1024K, 97% used [0x00000000d5d00000,0x00000000d5dfa400,0x00000000d5e00000)
  to   space 1024K, 0% used [0x00000000d5e00000,0x00000000d5e00000,0x00000000d5f00000)
 ParOldGen       total 528384K, used 528063K [0x0000000080000000, 0x00000000a0400000, 0x00000000d5580000)
  object space 528384K, 99% used [0x0000000080000000,0x00000000a03afd98,0x00000000a0400000)
 Metaspace       used 105535K, committed 107520K, reserved 1179648K
  class space    used 10730K, committed 11648K, reserved 1048576K
}
Event: 30186.861 GC heap after
{Heap after GC invocations=9569 (full 14):
 PSYoungGen      total 6144K, used 713K [0x00000000d5580000, 0x00000000d5f00000, 0x0000000100000000)
  eden space 5120K, 0% used [0x00000000d5580000,0x00000000d5580000,0x00000000d5a80000)
  from space 1024K, 69% used [0x00000000d5e00000,0x00000000d5eb2400,0x00000000d5f00000)
  to   space 1536K, 0% used [0x00000000d5c00000,0x00000000d5c00000,0x00000000d5d80000)
 ParOldGen       total 529408K, used 529060K [0x0000000080000000, 0x00000000a0500000, 0x00000000d5580000)
  object space 529408K, 99% used [0x0000000080000000,0x00000000a04a9260,0x00000000a0500000)
 Metaspace       used 105535K, committed 107520K, reserved 1179648K
  class space    used 10730K, committed 11648K, reserved 1048576K
}
Event: 30190.333 GC heap before
{Heap before GC invocations=9570 (full 14):
 PSYoungGen      total 6144K, used 5833K [0x00000000d5580000, 0x00000000d5f00000, 0x0000000100000000)
  eden space 5120K, 100% used [0x00000000d5580000,0x00000000d5a80000,0x00000000d5a80000)
  from space 1024K, 69% used [0x00000000d5e00000,0x00000000d5eb2400,0x00000000d5f00000)
  to   space 1536K, 0% used [0x00000000d5c00000,0x00000000d5c00000,0x00000000d5d80000)
 ParOldGen       total 529408K, used 529060K [0x0000000080000000, 0x00000000a0500000, 0x00000000d5580000)
  object space 529408K, 99% used [0x0000000080000000,0x00000000a04a9260,0x00000000a0500000)
 Metaspace       used 105536K, committed 107520K, reserved 1179648K
  class space    used 10730K, committed 11648K, reserved 1048576K
}
Event: 30190.335 GC heap after
{Heap after GC invocations=9570 (full 14):
 PSYoungGen      total 6656K, used 128K [0x00000000d5580000, 0x00000000d5e80000, 0x0000000100000000)
  eden space 5120K, 0% used [0x00000000d5580000,0x00000000d5580000,0x00000000d5a80000)
  from space 1536K, 8% used [0x00000000d5c00000,0x00000000d5c20000,0x00000000d5d80000)
  to   space 512K, 0% used [0x00000000d5e00000,0x00000000d5e00000,0x00000000d5e80000)
 ParOldGen       total 529408K, used 529260K [0x0000000080000000, 0x00000000a0500000, 0x00000000d5580000)
  object space 529408K, 99% used [0x0000000080000000,0x00000000a04db160,0x00000000a0500000)
 Metaspace       used 105536K, committed 107520K, reserved 1179648K
  class space    used 10730K, committed 11648K, reserved 1048576K
}
Event: 30191.130 GC heap before
{Heap before GC invocations=9571 (full 14):
 PSYoungGen      total 6656K, used 5248K [0x00000000d5580000, 0x00000000d5e80000, 0x0000000100000000)
  eden space 5120K, 100% used [0x00000000d5580000,0x00000000d5a80000,0x00000000d5a80000)
  from space 1536K, 8% used [0x00000000d5c00000,0x00000000d5c20000,0x00000000d5d80000)
  to   space 512K, 0% used [0x00000000d5e00000,0x00000000d5e00000,0x00000000d5e80000)
 ParOldGen       total 529408K, used 529260K [0x0000000080000000, 0x00000000a0500000, 0x00000000d5580000)
  object space 529408K, 99% used [0x0000000080000000,0x00000000a04db160,0x00000000a0500000)
 Metaspace       used 105536K, committed 107520K, reserved 1179648K
  class space    used 10730K, committed 11648K, reserved 1048576K
}
Event: 30191.134 GC heap after
{Heap after GC invocations=9571 (full 14):
 PSYoungGen      total 5632K, used 489K [0x00000000d5580000, 0x00000000d5e80000, 0x0000000100000000)
  eden space 5120K, 0% used [0x00000000d5580000,0x00000000d5580000,0x00000000d5a80000)
  from space 512K, 95% used [0x00000000d5e00000,0x00000000d5e7a400,0x00000000d5e80000)
  to   space 1024K, 0% used [0x00000000d5c80000,0x00000000d5c80000,0x00000000d5d80000)
 ParOldGen       total 529408K, used 529292K [0x0000000080000000, 0x00000000a0500000, 0x00000000d5580000)
  object space 529408K, 99% used [0x0000000080000000,0x00000000a04e3160,0x00000000a0500000)
 Metaspace       used 105536K, committed 107520K, reserved 1179648K
  class space    used 10730K, committed 11648K, reserved 1048576K
}
Event: 30191.175 GC heap before
{Heap before GC invocations=9572 (full 14):
 PSYoungGen      total 5632K, used 5609K [0x00000000d5580000, 0x00000000d5e80000, 0x0000000100000000)
  eden space 5120K, 100% used [0x00000000d5580000,0x00000000d5a80000,0x00000000d5a80000)
  from space 512K, 95% used [0x00000000d5e00000,0x00000000d5e7a400,0x00000000d5e80000)
  to   space 1024K, 0% used [0x00000000d5c80000,0x00000000d5c80000,0x00000000d5d80000)
 ParOldGen       total 529408K, used 529292K [0x0000000080000000, 0x00000000a0500000, 0x00000000d5580000)
  object space 529408K, 99% used [0x0000000080000000,0x00000000a04e3160,0x00000000a0500000)
 Metaspace       used 105536K, committed 107520K, reserved 1179648K
  class space    used 10730K, committed 11648K, reserved 1048576K
}
Event: 30191.180 GC heap after
{Heap after GC invocations=9572 (full 14):
 PSYoungGen      total 6144K, used 1001K [0x00000000d5580000, 0x00000000d5e80000, 0x0000000100000000)
  eden space 5120K, 0% used [0x00000000d5580000,0x00000000d5580000,0x00000000d5a80000)
  from space 1024K, 97% used [0x00000000d5c80000,0x00000000d5d7a400,0x00000000d5d80000)
  to   space 1024K, 0% used [0x00000000d5d80000,0x00000000d5d80000,0x00000000d5e80000)
 ParOldGen       total 530432K, used 530034K [0x0000000080000000, 0x00000000a0600000, 0x00000000d5580000)
  object space 530432K, 99% used [0x0000000080000000,0x00000000a059caa0,0x00000000a0600000)
 Metaspace       used 105536K, committed 107520K, reserved 1179648K
  class space    used 10730K, committed 11648K, reserved 1048576K
}

